2012-12-29 18:04:23 [INFO] Starting flooder...
2012-12-29 18:13:38 [INFO] Starting flooder...
2012-12-29 18:13:38 [INFO] Reading configuration
2012-12-29 18:13:38 [INFO] Configuration readed:
2012-12-29 18:13:38 [INFO]   IP: 0.0.0.0
2012-12-29 18:13:38 [INFO]   Port: 25565
2012-12-29 18:13:38 [INFO]   Threads: 100
2012-12-29 18:13:38 [INFO]   Nick length: 5
2012-12-29 18:17:52 [INFO] Starting flooder...
2012-12-29 18:17:52 [INFO] Reading configuration
2012-12-29 18:17:52 [INFO] Configuration readed:
2012-12-29 18:17:52 [INFO]   IP: 0.0.0.0
2012-12-29 18:17:52 [INFO]   Port: 25565
2012-12-29 18:17:52 [INFO]   Threads: 100
2012-12-29 18:17:52 [INFO]   Nick length: 5
2012-12-29 18:17:52 [INFO] 
Start.
2012-12-29 18:17:59 [INFO] Starting flooder...
2012-12-29 18:17:59 [INFO] Reading configuration
2012-12-29 18:17:59 [INFO] Configuration readed:
2012-12-29 18:17:59 [INFO]   IP: 0.0.0.0
2012-12-29 18:17:59 [INFO]   Port: 25565
2012-12-29 18:17:59 [INFO]   Threads: 100
2012-12-29 18:17:59 [INFO]   Nick length: 5
2012-12-29 18:17:59 [INFO] Start.
2012-12-29 18:26:27 [INFO] Starting flooder...
2012-12-29 18:26:27 [INFO] Reading configuration
2012-12-29 18:26:27 [INFO] Configuration readed:
2012-12-29 18:26:27 [INFO]   IP: 0.0.0.0
2012-12-29 18:26:27 [INFO]   Port: 25565
2012-12-29 18:26:27 [INFO]   Threads: 100
2012-12-29 18:26:27 [INFO]   Nick length: 5
2012-12-29 18:26:27 [INFO]   Message length: 15
2012-12-29 18:26:27 [INFO] Start networking
2012-12-29 21:22:04 [INFO] Starting flooder...
2012-12-29 21:22:04 [INFO] Reading configuration
2012-12-29 21:22:04 [INFO] Configuration readed:
2012-12-29 21:22:04 [INFO]   IP: 0.0.0.0
2012-12-29 21:22:04 [INFO]   Port: 25565
2012-12-29 21:22:04 [INFO]   Threads: 100
2012-12-29 21:22:04 [INFO]   Nick length: 5
2012-12-29 21:22:04 [INFO]   Message length: 15
2012-12-29 21:22:04 [INFO] Start networking
2012-12-29 22:21:57 [INFO] Starting flooder...
2012-12-29 22:21:57 [INFO] Reading configuration
2012-12-29 22:21:57 [INFO] Configuration readed:
2012-12-29 22:21:57 [INFO]   IP: 0.0.0.0
2012-12-29 22:21:57 [INFO]   Port: 25565
2012-12-29 22:21:57 [INFO]   Threads: 100
2012-12-29 22:21:57 [INFO]   Nick length: 5
2012-12-29 22:27:26 [INFO] Starting flooder...
2012-12-29 22:27:26 [INFO] Reading configuration
2012-12-29 22:27:26 [INFO] Configuration readed:
2012-12-29 22:27:26 [INFO]   IP: 0.0.0.0
2012-12-29 22:27:26 [INFO]   Port: 25565
2012-12-29 22:27:26 [INFO]   Threads: 100
2012-12-29 22:27:26 [INFO]   Nick length: 5
2012-12-29 22:28:13 [INFO] Starting flooder...
2012-12-29 22:28:13 [INFO] Reading configuration
2012-12-29 22:28:13 [INFO] Configuration readed:
2012-12-29 22:28:13 [INFO]   IP: 0.0.0.0
2012-12-29 22:28:13 [INFO]   Port: 25565
2012-12-29 22:28:13 [INFO]   Threads: 100
2012-12-29 22:28:13 [INFO]   Nick length: 5
2012-12-29 22:28:13 [INFO] Start networking
2012-12-29 22:29:37 [INFO] Starting flooder...
2012-12-29 22:29:37 [INFO] Reading configuration
2012-12-29 22:29:37 [INFO] Configuration readed:
2012-12-29 22:29:37 [INFO]   IP: 0.0.0.0
2012-12-29 22:29:37 [INFO]   Port: 25565
2012-12-29 22:29:37 [INFO]   Threads: 100
2012-12-29 22:29:37 [INFO]   Nick length: 5
2012-12-29 22:29:37 [INFO] Start networking
2012-12-29 22:29:56 [INFO] Starting flooder...
2012-12-29 22:29:56 [INFO] Reading configuration
2012-12-29 22:29:56 [INFO] Configuration readed:
2012-12-29 22:29:56 [INFO]   IP: 0.0.0.0
2012-12-29 22:29:56 [INFO]   Port: 25565
2012-12-29 22:29:56 [INFO]   Threads: 100
2012-12-29 22:29:56 [INFO]   Nick length: 5
2012-12-29 22:29:56 [INFO] Start networking
2012-12-29 22:32:04 [INFO] Starting flooder...
2012-12-29 22:32:04 [INFO] Reading configuration
2012-12-29 22:32:04 [INFO] Configuration readed:
2012-12-29 22:32:04 [INFO]   IP: 0.0.0.0
2012-12-29 22:32:04 [INFO]   Port: 25565
2012-12-29 22:32:04 [INFO]   Threads: 100
2012-12-29 22:32:04 [INFO]   Nick length: 5
2012-12-29 22:32:04 [INFO] Start networking
2012-12-29 22:32:10 [INFO] Starting flooder...
2012-12-29 22:32:10 [INFO] Reading configuration
2012-12-29 22:32:10 [INFO] Configuration readed:
2012-12-29 22:32:10 [INFO]   IP: 0.0.0.0
2012-12-29 22:32:10 [INFO]   Port: 25565
2012-12-29 22:32:10 [INFO]   Threads: 100
2012-12-29 22:32:10 [INFO]   Nick length: 5
2012-12-29 22:32:10 [INFO] Start networking
2012-12-30 11:24:44 [INFO] Starting flooder...
2012-12-30 11:24:44 [INFO] Reading configuration
2012-12-30 11:24:44 [INFO] Configuration readed:
2012-12-30 11:24:44 [INFO]   IP: 0.0.0.0
2012-12-30 11:24:44 [INFO]   Port: 25565
2012-12-30 11:24:44 [INFO]   Threads: 100
2012-12-30 11:24:44 [INFO]   Nick length: 5
2012-12-30 11:24:44 [INFO] Start networking
2012-12-30 11:24:44 [INFO] Write packet 2
2012-12-30 11:37:59 [INFO] Starting flooder...
2012-12-30 11:37:59 [INFO] Reading configuration
2012-12-30 11:37:59 [INFO] Configuration readed:
2012-12-30 11:37:59 [INFO]   IP: 0.0.0.0
2012-12-30 11:37:59 [INFO]   Port: 25565
2012-12-30 11:37:59 [INFO]   Threads: 100
2012-12-30 11:37:59 [INFO]   Nick length: 5
2012-12-30 11:37:59 [INFO] Start networking
2012-12-30 11:37:59 [INFO] Write packet 2
2012-12-30 11:55:18 [INFO] Starting flooder...
2012-12-30 11:55:18 [INFO] Reading configuration
2012-12-30 11:55:18 [INFO] Configuration readed:
2012-12-30 11:55:18 [INFO]   IP: 0.0.0.0
2012-12-30 11:55:18 [INFO]   Port: 25565
2012-12-30 11:55:18 [INFO]   Threads: 100
2012-12-30 11:55:18 [INFO]   Nick length: 5
2012-12-30 11:55:18 [INFO] Start networking
2012-12-30 11:55:18 [INFO] Write packet 2
2012-12-30 11:55:59 [INFO] Starting flooder...
2012-12-30 11:55:59 [INFO] Reading configuration
2012-12-30 11:55:59 [INFO] Configuration readed:
2012-12-30 11:55:59 [INFO]   IP: 0.0.0.0
2012-12-30 11:55:59 [INFO]   Port: 25565
2012-12-30 11:55:59 [INFO]   Threads: 100
2012-12-30 11:55:59 [INFO]   Nick length: 5
2012-12-30 11:55:59 [INFO] Start networking
2012-12-30 11:55:59 [INFO] Write packet 2
2012-12-30 11:56:48 [INFO] Starting flooder...
2012-12-30 11:56:48 [INFO] Reading configuration
2012-12-30 11:56:48 [INFO] Configuration readed:
2012-12-30 11:56:48 [INFO]   IP: 0.0.0.0
2012-12-30 11:56:48 [INFO]   Port: 25565
2012-12-30 11:56:48 [INFO]   Threads: 100
2012-12-30 11:56:48 [INFO]   Nick length: 5
2012-12-30 11:56:48 [INFO] Start networking
2012-12-30 11:56:48 [INFO] Write packet 2
2012-12-30 11:57:41 [INFO] Starting flooder...
2012-12-30 11:57:41 [INFO] Reading configuration
2012-12-30 11:57:41 [INFO] Configuration readed:
2012-12-30 11:57:41 [INFO]   IP: 0.0.0.0
2012-12-30 11:57:41 [INFO]   Port: 25565
2012-12-30 11:57:41 [INFO]   Threads: 100
2012-12-30 11:57:41 [INFO]   Nick length: 5
2012-12-30 11:57:41 [INFO] Start networking
2012-12-30 11:57:41 [INFO] Write packet 2
2012-12-30 11:57:48 [INFO] Starting flooder...
2012-12-30 11:57:48 [INFO] Reading configuration
2012-12-30 11:57:48 [INFO] Configuration readed:
2012-12-30 11:57:48 [INFO]   IP: 0.0.0.0
2012-12-30 11:57:48 [INFO]   Port: 25565
2012-12-30 11:57:48 [INFO]   Threads: 100
2012-12-30 11:57:48 [INFO]   Nick length: 5
2012-12-30 11:57:48 [INFO] Start networking
2012-12-30 11:57:48 [INFO] Write packet 2
2012-12-30 11:58:06 [INFO] Starting flooder...
2012-12-30 11:58:06 [INFO] Reading configuration
2012-12-30 11:58:06 [INFO] Configuration readed:
2012-12-30 11:58:06 [INFO]   IP: 0.0.0.0
2012-12-30 11:58:06 [INFO]   Port: 25565
2012-12-30 11:58:06 [INFO]   Threads: 100
2012-12-30 11:58:06 [INFO]   Nick length: 5
2012-12-30 11:58:06 [INFO] Start networking
2012-12-30 11:58:06 [INFO] Write packet 2
2012-12-30 11:58:28 [INFO] Starting flooder...
2012-12-30 11:58:28 [INFO] Reading configuration
2012-12-30 11:58:28 [INFO] Configuration readed:
2012-12-30 11:58:28 [INFO]   IP: 0.0.0.0
2012-12-30 11:58:28 [INFO]   Port: 25565
2012-12-30 11:58:28 [INFO]   Threads: 100
2012-12-30 11:58:28 [INFO]   Nick length: 5
2012-12-30 11:58:28 [INFO] Start networking
2012-12-30 11:58:28 [INFO] Write packet 2
2012-12-30 11:58:37 [INFO] Starting flooder...
2012-12-30 11:58:37 [INFO] Reading configuration
2012-12-30 11:58:37 [INFO] Configuration readed:
2012-12-30 11:58:37 [INFO]   IP: 0.0.0.0
2012-12-30 11:58:37 [INFO]   Port: 25565
2012-12-30 11:58:37 [INFO]   Threads: 100
2012-12-30 11:58:37 [INFO]   Nick length: 5
2012-12-30 11:58:37 [INFO] Start networking
2012-12-30 11:58:38 [INFO] Write packet 2
2012-12-30 11:58:50 [INFO] Starting flooder...
2012-12-30 11:58:50 [INFO] Reading configuration
2012-12-30 11:58:50 [INFO] Configuration readed:
2012-12-30 11:58:50 [INFO]   IP: 0.0.0.0
2012-12-30 11:58:50 [INFO]   Port: 25565
2012-12-30 11:58:50 [INFO]   Threads: 100
2012-12-30 11:58:50 [INFO]   Nick length: 5
2012-12-30 11:58:50 [INFO] Start networking
2012-12-30 11:58:50 [INFO] Write packet 2
2012-12-30 11:59:28 [INFO] Starting flooder...
2012-12-30 11:59:28 [INFO] Reading configuration
2012-12-30 11:59:28 [INFO] Configuration readed:
2012-12-30 11:59:28 [INFO]   IP: 0.0.0.0
2012-12-30 11:59:28 [INFO]   Port: 25565
2012-12-30 11:59:28 [INFO]   Threads: 100
2012-12-30 11:59:28 [INFO]   Nick length: 5
2012-12-30 11:59:28 [INFO] Start networking
2012-12-30 11:59:28 [INFO] Write packet 2
2012-12-30 11:59:45 [INFO] Starting flooder...
2012-12-30 11:59:45 [INFO] Reading configuration
2012-12-30 11:59:45 [INFO] Configuration readed:
2012-12-30 11:59:45 [INFO]   IP: 0.0.0.0
2012-12-30 11:59:45 [INFO]   Port: 25565
2012-12-30 11:59:45 [INFO]   Threads: 100
2012-12-30 11:59:45 [INFO]   Nick length: 5
2012-12-30 11:59:45 [INFO] Start networking
2012-12-30 11:59:45 [INFO] Write packet 2
2012-12-30 12:00:15 [INFO] Starting flooder...
2012-12-30 12:00:15 [INFO] Reading configuration
2012-12-30 12:00:15 [INFO] Configuration readed:
2012-12-30 12:00:15 [INFO]   IP: 0.0.0.0
2012-12-30 12:00:15 [INFO]   Port: 25565
2012-12-30 12:00:15 [INFO]   Threads: 100
2012-12-30 12:00:15 [INFO]   Nick length: 5
2012-12-30 12:00:15 [INFO] Start networking
2012-12-30 12:00:15 [INFO] Write packet 2
2012-12-30 12:00:58 [INFO] Starting flooder...
2012-12-30 12:00:58 [INFO] Reading configuration
2012-12-30 12:00:58 [INFO] Configuration readed:
2012-12-30 12:00:58 [INFO]   IP: 0.0.0.0
2012-12-30 12:00:58 [INFO]   Port: 25565
2012-12-30 12:00:58 [INFO]   Threads: 100
2012-12-30 12:00:58 [INFO]   Nick length: 5
2012-12-30 12:00:58 [INFO] Start networking
2012-12-30 12:00:58 [INFO] Write packet 2
2012-12-30 12:01:35 [INFO] Starting flooder...
2012-12-30 12:01:35 [INFO] Reading configuration
2012-12-30 12:01:35 [INFO] Configuration readed:
2012-12-30 12:01:35 [INFO]   IP: 0.0.0.0
2012-12-30 12:01:35 [INFO]   Port: 25565
2012-12-30 12:01:35 [INFO]   Threads: 100
2012-12-30 12:01:35 [INFO]   Nick length: 5
2012-12-30 12:01:35 [INFO] Start networking
2012-12-30 12:01:35 [INFO] Write packet 2
2012-12-30 12:01:51 [INFO] Starting flooder...
2012-12-30 12:01:51 [INFO] Reading configuration
2012-12-30 12:01:51 [INFO] Configuration readed:
2012-12-30 12:01:51 [INFO]   IP: 0.0.0.0
2012-12-30 12:01:51 [INFO]   Port: 25565
2012-12-30 12:01:51 [INFO]   Threads: 100
2012-12-30 12:01:51 [INFO]   Nick length: 5
2012-12-30 12:01:51 [INFO] Start networking
2012-12-30 12:02:34 [INFO] Starting flooder...
2012-12-30 12:02:34 [INFO] Reading configuration
2012-12-30 12:02:34 [INFO] Configuration readed:
2012-12-30 12:02:34 [INFO]   IP: 0.0.0.0
2012-12-30 12:02:34 [INFO]   Port: 25565
2012-12-30 12:02:34 [INFO]   Threads: 100
2012-12-30 12:02:34 [INFO]   Nick length: 5
2012-12-30 12:02:34 [INFO] Start networking
2012-12-30 12:02:34 [INFO] Start networking
2012-12-30 12:02:34 [INFO] Start networking
2012-12-30 12:02:34 [INFO] Start networking
2012-12-30 12:02:34 [INFO] Start networking
2012-12-30 12:02:34 [INFO] Start networking
2012-12-30 12:02:34 [INFO] Start networking
2012-12-30 12:02:34 [INFO] Start networking
2012-12-30 12:02:34 [INFO] Start networking
2012-12-30 12:02:34 [INFO] Start networking
2012-12-30 12:02:34 [INFO] Start networking
2012-12-30 12:02:34 [INFO] Start networking
2012-12-30 12:02:34 [INFO] Start networking
2012-12-30 12:02:34 [INFO] Start networking
2012-12-30 12:02:34 [INFO] Start networking
2012-12-30 12:02:34 [INFO] Start networking
2012-12-30 12:02:34 [INFO] Start networking
2012-12-30 12:02:34 [INFO] Start networking
2012-12-30 12:02:34 [INFO] Start networking
2012-12-30 12:02:34 [INFO] Start networking
2012-12-30 12:02:34 [INFO] Start networking
2012-12-30 12:02:34 [INFO] Start networking
2012-12-30 12:02:34 [INFO] Start networking
2012-12-30 12:02:34 [INFO] Start networking
2012-12-30 12:02:34 [INFO] Start networking
2012-12-30 12:02:34 [INFO] Start networking
2012-12-30 12:02:34 [INFO] Start networking
2012-12-30 12:02:34 [INFO] Start networking
2012-12-30 12:02:34 [INFO] Start networking
2012-12-30 12:02:34 [INFO] Start networking
2012-12-30 12:02:34 [INFO] Start networking
2012-12-30 12:02:34 [INFO] Start networking
2012-12-30 12:02:34 [INFO] Start networking
2012-12-30 12:02:34 [INFO] Start networking
2012-12-30 12:02:34 [INFO] Start networking
2012-12-30 12:02:34 [INFO] Start networking
2012-12-30 12:02:34 [INFO] Start networking
2012-12-30 12:02:34 [INFO] Start networking
2012-12-30 12:02:34 [INFO] Start networking
2012-12-30 12:02:34 [INFO] Start networking
2012-12-30 12:02:34 [INFO] Start networking
2012-12-30 12:02:34 [INFO] Start networking
2012-12-30 12:02:34 [INFO] Start networking
2012-12-30 12:02:34 [INFO] Start networking
2012-12-30 12:02:34 [INFO] Start networking
2012-12-30 12:02:34 [INFO] Start networking
2012-12-30 12:02:34 [INFO] Start networking
2012-12-30 12:02:34 [INFO] Start networking
2012-12-30 12:02:34 [INFO] Start networking
2012-12-30 12:02:34 [INFO] Start networking
2012-12-30 12:02:34 [INFO] Start networking
2012-12-30 12:02:34 [INFO] Start networking
2012-12-30 12:02:34 [INFO] Start networking
2012-12-30 12:02:34 [INFO] Start networking
2012-12-30 12:02:34 [INFO] Start networking
2012-12-30 12:02:34 [INFO] Start networking
2012-12-30 12:02:34 [INFO] Start networking
2012-12-30 12:02:34 [INFO] Start networking
2012-12-30 12:02:34 [INFO] Start networking
2012-12-30 12:02:34 [INFO] Start networking
2012-12-30 12:02:34 [INFO] Start networking
2012-12-30 12:02:34 [INFO] Start networking
2012-12-30 12:02:34 [INFO] Start networking
2012-12-30 12:02:34 [INFO] Start networking
2012-12-30 12:02:34 [INFO] Start networking
2012-12-30 12:02:34 [INFO] Start networking
2012-12-30 12:02:34 [INFO] Start networking
2012-12-30 12:02:34 [INFO] Start networking
2012-12-30 12:02:34 [INFO] Start networking
2012-12-30 12:02:34 [INFO] Start networking
2012-12-30 12:02:34 [INFO] Start networking
2012-12-30 12:02:34 [INFO] Start networking
2012-12-30 12:02:34 [INFO] Start networking
2012-12-30 12:02:34 [INFO] Start networking
2012-12-30 12:02:34 [INFO] Start networking
2012-12-30 12:02:34 [INFO] Start networking
2012-12-30 12:02:34 [INFO] Start networking
2012-12-30 12:02:34 [INFO] Start networking
2012-12-30 12:02:34 [INFO] Start networking
2012-12-30 12:02:34 [INFO] Start networking
2012-12-30 12:02:34 [INFO] Start networking
2012-12-30 12:02:34 [INFO] Start networking
2012-12-30 12:02:34 [INFO] Start networking
2012-12-30 12:02:34 [INFO] Start networking
2012-12-30 12:02:34 [INFO] Start networking
2012-12-30 12:02:34 [INFO] Start networking
2012-12-30 12:02:34 [INFO] Start networking
2012-12-30 12:02:34 [INFO] Start networking
2012-12-30 12:02:34 [INFO] Start networking
2012-12-30 12:02:34 [INFO] Start networking
2012-12-30 12:02:34 [INFO] Start networking
2012-12-30 12:02:34 [INFO] Start networking
2012-12-30 12:02:34 [INFO] Start networking
2012-12-30 12:02:34 [INFO] Start networking
2012-12-30 12:02:34 [INFO] Start networking
2012-12-30 12:02:34 [INFO] Start networking
2012-12-30 12:02:34 [INFO] Start networking
2012-12-30 12:02:34 [INFO] Start networking
2012-12-30 12:02:34 [INFO] Start networking
2012-12-30 12:02:34 [INFO] Start networking
2012-12-30 12:02:34 [INFO] Start networking
2012-12-30 12:02:34 [INFO] Start networking
2012-12-30 12:02:34 [INFO] Start networking
2012-12-30 12:02:34 [INFO] Start networking
2012-12-30 12:02:34 [INFO] Start networking
2012-12-30 12:02:34 [INFO] Start networking
2012-12-30 12:02:34 [INFO] Start networking
2012-12-30 12:02:34 [INFO] Start networking
2012-12-30 12:02:34 [INFO] Start networking
2012-12-30 12:02:34 [INFO] Start networking
2012-12-30 12:02:34 [INFO] Start networking
2012-12-30 12:02:34 [INFO] Start networking
2012-12-30 12:02:34 [INFO] Start networking
2012-12-30 12:02:34 [INFO] Start networking
2012-12-30 12:02:34 [INFO] Start networking
2012-12-30 12:02:34 [INFO] Start networking
2012-12-30 12:02:34 [INFO] Start networking
2012-12-30 12:02:34 [INFO] Start networking
2012-12-30 12:02:34 [INFO] Start networking
2012-12-30 12:02:34 [INFO] Start networking
2012-12-30 12:02:34 [INFO] Start networking
2012-12-30 12:02:34 [INFO] Start networking
2012-12-30 12:02:34 [INFO] Start networking
2012-12-30 12:02:34 [INFO] Start networking
2012-12-30 12:02:35 [INFO] Start networking
2012-12-30 12:02:35 [INFO] Start networking
2012-12-30 12:02:35 [INFO] Start networking
2012-12-30 12:02:35 [INFO] Start networking
2012-12-30 12:02:35 [INFO] Start networking
2012-12-30 12:02:35 [INFO] Start networking
2012-12-30 12:02:35 [INFO] Start networking
2012-12-30 12:02:35 [INFO] Start networking
2012-12-30 12:02:35 [INFO] Start networking
2012-12-30 12:02:35 [INFO] Start networking
2012-12-30 12:02:35 [INFO] Start networking
2012-12-30 12:02:35 [INFO] Start networking
2012-12-30 12:02:35 [INFO] Start networking
2012-12-30 12:02:35 [INFO] Start networking
2012-12-30 12:02:35 [INFO] Start networking
2012-12-30 12:02:35 [INFO] Start networking
2012-12-30 12:02:35 [INFO] Start networking
2012-12-30 12:02:35 [INFO] Start networking
2012-12-30 12:02:35 [INFO] Start networking
2012-12-30 12:02:35 [INFO] Start networking
2012-12-30 12:02:35 [INFO] Start networking
2012-12-30 12:02:35 [INFO] Start networking
2012-12-30 12:02:35 [INFO] Start networking
2012-12-30 12:02:35 [INFO] Start networking
2012-12-30 12:02:35 [INFO] Start networking
2012-12-30 12:02:35 [INFO] Start networking
2012-12-30 12:02:35 [INFO] Start networking
2012-12-30 12:02:35 [INFO] Start networking
2012-12-30 12:02:35 [INFO] Start networking
2012-12-30 12:02:35 [INFO] Start networking
2012-12-30 12:02:35 [INFO] Start networking
2012-12-30 12:02:35 [INFO] Start networking
2012-12-30 12:02:35 [INFO] Start networking
2012-12-30 12:02:35 [INFO] Start networking
2012-12-30 12:02:35 [INFO] Start networking
2012-12-30 12:02:35 [INFO] Start networking
2012-12-30 12:02:35 [INFO] Start networking
2012-12-30 12:02:35 [INFO] Start networking
2012-12-30 12:02:35 [INFO] Start networking
2012-12-30 12:02:35 [INFO] Start networking
2012-12-30 12:02:35 [INFO] Start networking
2012-12-30 12:02:35 [INFO] Start networking
2012-12-30 12:02:35 [INFO] Start networking
2012-12-30 12:02:35 [INFO] Start networking
2012-12-30 12:02:35 [INFO] Start networking
2012-12-30 12:02:35 [INFO] Start networking
2012-12-30 12:02:35 [INFO] Start networking
2012-12-30 12:02:35 [INFO] Start networking
2012-12-30 12:02:35 [INFO] Start networking
2012-12-30 12:02:35 [INFO] Start networking
2012-12-30 12:02:35 [INFO] Start networking
2012-12-30 12:02:35 [INFO] Start networking
2012-12-30 12:02:35 [INFO] Start networking
2012-12-30 12:02:35 [INFO] Start networking
2012-12-30 12:02:35 [INFO] Start networking
2012-12-30 12:02:35 [INFO] Start networking
2012-12-30 12:02:35 [INFO] Start networking
2012-12-30 12:02:35 [INFO] Start networking
2012-12-30 12:02:35 [INFO] Start networking
2012-12-30 12:02:35 [INFO] Start networking
2012-12-30 12:02:35 [INFO] Start networking
2012-12-30 12:02:35 [INFO] Start networking
2012-12-30 12:02:35 [INFO] Start networking
2012-12-30 12:02:35 [INFO] Start networking
2012-12-30 12:02:35 [INFO] Start networking
2012-12-30 12:02:35 [INFO] Start networking
2012-12-30 12:02:35 [INFO] Start networking
2012-12-30 12:02:35 [INFO] Start networking
2012-12-30 12:02:35 [INFO] Start networking
2012-12-30 12:02:35 [INFO] Start networking
2012-12-30 12:02:35 [INFO] Start networking
2012-12-30 12:02:35 [INFO] Start networking
2012-12-30 12:02:35 [INFO] Start networking
2012-12-30 12:02:35 [INFO] Start networking
2012-12-30 12:02:35 [INFO] Start networking
2012-12-30 12:02:35 [INFO] Start networking
2012-12-30 12:02:35 [INFO] Start networking
2012-12-30 12:02:35 [INFO] Start networking
2012-12-30 12:02:35 [INFO] Start networking
2012-12-30 12:02:35 [INFO] Start networking
2012-12-30 12:02:35 [INFO] Start networking
2012-12-30 12:02:35 [INFO] Start networking
2012-12-30 12:02:35 [INFO] Start networking
2012-12-30 12:02:35 [INFO] Start networking
2012-12-30 12:02:35 [INFO] Start networking
2012-12-30 12:02:35 [INFO] Start networking
2012-12-30 12:02:35 [INFO] Start networking
2012-12-30 12:02:35 [INFO] Start networking
2012-12-30 12:02:35 [INFO] Start networking
2012-12-30 12:02:35 [INFO] Start networking
2012-12-30 12:02:35 [INFO] Start networking
2012-12-30 12:02:35 [INFO] Start networking
2012-12-30 12:02:35 [INFO] Start networking
2012-12-30 12:02:35 [INFO] Start networking
2012-12-30 12:02:35 [INFO] Start networking
2012-12-30 12:02:35 [INFO] Start networking
2012-12-30 12:02:35 [INFO] Start networking
2012-12-30 12:02:35 [INFO] Start networking
2012-12-30 12:02:35 [INFO] Start networking
2012-12-30 12:02:35 [INFO] Start networking
2012-12-30 12:02:35 [INFO] Start networking
2012-12-30 12:02:35 [INFO] Start networking
2012-12-30 12:02:35 [INFO] Start networking
2012-12-30 12:02:35 [INFO] Start networking
2012-12-30 12:02:35 [INFO] Start networking
2012-12-30 12:02:35 [INFO] Start networking
2012-12-30 12:02:35 [INFO] Start networking
2012-12-30 12:02:35 [INFO] Start networking
2012-12-30 12:02:35 [INFO] Start networking
2012-12-30 12:02:35 [INFO] Start networking
2012-12-30 12:02:35 [INFO] Start networking
2012-12-30 12:02:35 [INFO] Start networking
2012-12-30 12:02:35 [INFO] Start networking
2012-12-30 12:02:35 [INFO] Start networking
2012-12-30 12:02:35 [INFO] Start networking
2012-12-30 12:02:35 [INFO] Start networking
2012-12-30 12:02:35 [INFO] Start networking
2012-12-30 12:02:35 [INFO] Start networking
2012-12-30 12:02:35 [INFO] Start networking
2012-12-30 12:02:35 [INFO] Start networking
2012-12-30 12:02:35 [INFO] Start networking
2012-12-30 12:02:35 [INFO] Start networking
2012-12-30 12:02:35 [INFO] Start networking
2012-12-30 12:02:35 [INFO] Start networking
2012-12-30 12:02:35 [INFO] Start networking
2012-12-30 12:02:35 [INFO] Start networking
2012-12-30 12:02:35 [INFO] Start networking
2012-12-30 12:02:35 [INFO] Start networking
2012-12-30 12:02:35 [INFO] Start networking
2012-12-30 12:02:35 [INFO] Start networking
2012-12-30 12:02:35 [INFO] Start networking
2012-12-30 12:02:35 [INFO] Start networking
2012-12-30 12:02:35 [INFO] Start networking
2012-12-30 12:02:35 [INFO] Start networking
2012-12-30 12:02:35 [INFO] Start networking
2012-12-30 12:02:35 [INFO] Start networking
2012-12-30 12:02:35 [INFO] Start networking
2012-12-30 12:02:35 [INFO] Start networking
2012-12-30 12:02:35 [INFO] Start networking
2012-12-30 12:02:35 [INFO] Start networking
2012-12-30 12:02:35 [INFO] Start networking
2012-12-30 12:02:35 [INFO] Start networking
2012-12-30 12:02:35 [INFO] Start networking
2012-12-30 12:02:35 [INFO] Start networking
2012-12-30 12:02:35 [INFO] Start networking
2012-12-30 12:02:35 [INFO] Start networking
2012-12-30 12:02:35 [INFO] Start networking
2012-12-30 12:02:35 [INFO] Start networking
2012-12-30 12:02:35 [INFO] Start networking
2012-12-30 12:02:35 [INFO] Start networking
2012-12-30 12:02:35 [INFO] Start networking
2012-12-30 12:02:35 [INFO] Start networking
2012-12-30 12:02:35 [INFO] Start networking
2012-12-30 12:02:35 [INFO] Start networking
2012-12-30 12:02:35 [INFO] Start networking
2012-12-30 12:02:35 [INFO] Start networking
2012-12-30 12:02:35 [INFO] Start networking
2012-12-30 12:02:35 [INFO] Start networking
2012-12-30 12:02:35 [INFO] Start networking
2012-12-30 12:02:35 [INFO] Start networking
2012-12-30 12:02:35 [INFO] Start networking
2012-12-30 12:02:35 [INFO] Start networking
2012-12-30 12:02:35 [INFO] Start networking
2012-12-30 12:02:35 [INFO] Start networking
2012-12-30 12:02:35 [INFO] Start networking
2012-12-30 12:02:35 [INFO] Start networking
2012-12-30 12:02:35 [INFO] Start networking
2012-12-30 12:02:35 [INFO] Start networking
2012-12-30 12:02:35 [INFO] Start networking
2012-12-30 12:02:35 [INFO] Start networking
2012-12-30 12:02:35 [INFO] Start networking
2012-12-30 12:02:35 [INFO] Start networking
2012-12-30 12:02:36 [INFO] Start networking
2012-12-30 12:02:36 [INFO] Start networking
2012-12-30 12:02:36 [INFO] Start networking
2012-12-30 12:02:36 [INFO] Start networking
2012-12-30 12:02:36 [INFO] Start networking
2012-12-30 12:02:36 [INFO] Start networking
2012-12-30 12:02:36 [INFO] Start networking
2012-12-30 12:02:36 [INFO] Start networking
2012-12-30 12:02:36 [INFO] Start networking
2012-12-30 12:02:36 [INFO] Start networking
2012-12-30 12:02:36 [INFO] Start networking
2012-12-30 12:02:36 [INFO] Start networking
2012-12-30 12:02:36 [INFO] Start networking
2012-12-30 12:02:36 [INFO] Start networking
2012-12-30 12:02:36 [INFO] Start networking
2012-12-30 12:02:36 [INFO] Start networking
2012-12-30 12:02:36 [INFO] Start networking
2012-12-30 12:02:36 [INFO] Start networking
2012-12-30 12:02:36 [INFO] Start networking
2012-12-30 12:02:36 [INFO] Start networking
2012-12-30 12:02:36 [INFO] Start networking
2012-12-30 12:02:36 [INFO] Start networking
2012-12-30 12:02:36 [INFO] Start networking
2012-12-30 12:02:36 [INFO] Start networking
2012-12-30 12:02:36 [INFO] Start networking
2012-12-30 12:02:36 [INFO] Start networking
2012-12-30 12:02:36 [INFO] Start networking
2012-12-30 12:02:36 [INFO] Start networking
2012-12-30 12:02:36 [INFO] Start networking
2012-12-30 12:02:36 [INFO] Start networking
2012-12-30 12:02:36 [INFO] Start networking
2012-12-30 12:02:36 [INFO] Start networking
2012-12-30 12:02:36 [INFO] Start networking
2012-12-30 12:02:36 [INFO] Start networking
2012-12-30 12:02:36 [INFO] Start networking
2012-12-30 12:02:36 [INFO] Start networking
2012-12-30 12:02:36 [INFO] Start networking
2012-12-30 12:02:36 [INFO] Start networking
2012-12-30 12:02:36 [INFO] Start networking
2012-12-30 12:02:36 [INFO] Start networking
2012-12-30 12:02:36 [INFO] Start networking
2012-12-30 12:02:36 [INFO] Start networking
2012-12-30 12:02:36 [INFO] Start networking
2012-12-30 12:02:36 [INFO] Start networking
2012-12-30 12:02:36 [INFO] Start networking
2012-12-30 12:02:36 [INFO] Start networking
2012-12-30 12:02:36 [INFO] Start networking
2012-12-30 12:02:36 [INFO] Start networking
2012-12-30 12:02:36 [INFO] Start networking
2012-12-30 12:02:36 [INFO] Start networking
2012-12-30 12:02:36 [INFO] Start networking
2012-12-30 12:02:36 [INFO] Start networking
2012-12-30 12:02:36 [INFO] Start networking
2012-12-30 12:02:36 [INFO] Start networking
2012-12-30 12:02:36 [INFO] Start networking
2012-12-30 12:02:36 [INFO] Start networking
2012-12-30 12:02:36 [INFO] Start networking
2012-12-30 12:02:36 [INFO] Start networking
2012-12-30 12:02:36 [INFO] Start networking
2012-12-30 12:02:36 [INFO] Start networking
2012-12-30 12:02:36 [INFO] Start networking
2012-12-30 12:02:36 [INFO] Start networking
2012-12-30 12:02:36 [INFO] Start networking
2012-12-30 12:02:36 [INFO] Start networking
2012-12-30 12:02:36 [INFO] Start networking
2012-12-30 12:02:36 [INFO] Start networking
2012-12-30 12:02:36 [INFO] Start networking
2012-12-30 12:02:36 [INFO] Start networking
2012-12-30 12:02:36 [INFO] Start networking
2012-12-30 12:02:36 [INFO] Start networking
2012-12-30 12:02:36 [INFO] Start networking
2012-12-30 12:02:36 [INFO] Start networking
2012-12-30 12:02:36 [INFO] Start networking
2012-12-30 12:02:36 [INFO] Start networking
2012-12-30 12:02:36 [INFO] Start networking
2012-12-30 12:02:36 [INFO] Start networking
2012-12-30 12:02:36 [INFO] Start networking
2012-12-30 12:02:36 [INFO] Start networking
2012-12-30 12:02:36 [INFO] Start networking
2012-12-30 12:02:36 [INFO] Start networking
2012-12-30 12:02:36 [INFO] Start networking
2012-12-30 12:02:36 [INFO] Start networking
2012-12-30 12:02:36 [INFO] Start networking
2012-12-30 12:02:36 [INFO] Start networking
2012-12-30 12:02:36 [INFO] Start networking
2012-12-30 12:02:36 [INFO] Start networking
2012-12-30 12:02:36 [INFO] Start networking
2012-12-30 12:02:36 [INFO] Start networking
2012-12-30 12:02:36 [INFO] Start networking
2012-12-30 12:02:36 [INFO] Start networking
2012-12-30 12:02:36 [INFO] Start networking
2012-12-30 12:02:36 [INFO] Start networking
2012-12-30 12:02:36 [INFO] Start networking
2012-12-30 12:02:36 [INFO] Start networking
2012-12-30 12:02:36 [INFO] Start networking
2012-12-30 12:02:36 [INFO] Start networking
2012-12-30 12:02:36 [INFO] Start networking
2012-12-30 12:02:36 [INFO] Start networking
2012-12-30 12:02:36 [INFO] Start networking
2012-12-30 12:02:36 [INFO] Start networking
2012-12-30 12:02:36 [INFO] Start networking
2012-12-30 12:02:36 [INFO] Start networking
2012-12-30 12:02:36 [INFO] Start networking
2012-12-30 12:02:36 [INFO] Start networking
2012-12-30 12:02:36 [INFO] Start networking
2012-12-30 12:02:36 [INFO] Start networking
2012-12-30 12:02:36 [INFO] Start networking
2012-12-30 12:02:36 [INFO] Start networking
2012-12-30 12:02:36 [INFO] Start networking
2012-12-30 12:02:36 [INFO] Start networking
2012-12-30 12:02:36 [INFO] Start networking
2012-12-30 12:02:36 [INFO] Start networking
2012-12-30 12:02:36 [INFO] Start networking
2012-12-30 12:02:36 [INFO] Start networking
2012-12-30 12:02:36 [INFO] Start networking
2012-12-30 12:02:36 [INFO] Start networking
2012-12-30 12:02:36 [INFO] Start networking
2012-12-30 12:02:36 [INFO] Start networking
2012-12-30 12:02:36 [INFO] Start networking
2012-12-30 12:02:36 [INFO] Start networking
2012-12-30 12:02:36 [INFO] Start networking
2012-12-30 12:02:36 [INFO] Start networking
2012-12-30 12:02:36 [INFO] Start networking
2012-12-30 12:02:36 [INFO] Start networking
2012-12-30 12:02:36 [INFO] Start networking
2012-12-30 12:02:36 [INFO] Start networking
2012-12-30 12:02:36 [INFO] Start networking
2012-12-30 12:02:36 [INFO] Start networking
2012-12-30 12:02:36 [INFO] Start networking
2012-12-30 12:02:36 [INFO] Start networking
2012-12-30 12:02:36 [INFO] Start networking
2012-12-30 12:02:36 [INFO] Start networking
2012-12-30 12:02:36 [INFO] Start networking
2012-12-30 12:02:36 [INFO] Start networking
2012-12-30 12:02:36 [INFO] Start networking
2012-12-30 12:02:36 [INFO] Start networking
2012-12-30 12:02:36 [INFO] Start networking
2012-12-30 12:02:36 [INFO] Start networking
2012-12-30 12:02:36 [INFO] Start networking
2012-12-30 12:02:36 [INFO] Start networking
2012-12-30 12:02:36 [INFO] Start networking
2012-12-30 12:02:36 [INFO] Start networking
2012-12-30 12:02:36 [INFO] Start networking
2012-12-30 12:02:36 [INFO] Start networking
2012-12-30 12:02:36 [INFO] Start networking
2012-12-30 12:02:36 [INFO] Start networking
2012-12-30 12:02:36 [INFO] Start networking
2012-12-30 12:02:36 [INFO] Start networking
2012-12-30 12:02:36 [INFO] Start networking
2012-12-30 12:02:36 [INFO] Start networking
2012-12-30 12:02:36 [INFO] Start networking
2012-12-30 12:02:36 [INFO] Start networking
2012-12-30 12:02:36 [INFO] Start networking
2012-12-30 12:02:36 [INFO] Start networking
2012-12-30 12:02:36 [INFO] Start networking
2012-12-30 12:02:36 [INFO] Start networking
2012-12-30 12:02:36 [INFO] Start networking
2012-12-30 12:02:36 [INFO] Start networking
2012-12-30 12:02:36 [INFO] Start networking
2012-12-30 12:02:36 [INFO] Start networking
2012-12-30 12:02:36 [INFO] Start networking
2012-12-30 12:02:36 [INFO] Start networking
2012-12-30 12:02:36 [INFO] Start networking
2012-12-30 12:02:36 [INFO] Start networking
2012-12-30 12:02:36 [INFO] Start networking
2012-12-30 12:02:36 [INFO] Start networking
2012-12-30 12:02:36 [INFO] Start networking
2012-12-30 12:02:36 [INFO] Start networking
2012-12-30 12:02:36 [INFO] Start networking
2012-12-30 12:02:36 [INFO] Start networking
2012-12-30 12:02:36 [INFO] Start networking
2012-12-30 12:02:36 [INFO] Start networking
2012-12-30 12:02:36 [INFO] Start networking
2012-12-30 12:02:36 [INFO] Start networking
2012-12-30 12:02:36 [INFO] Start networking
2012-12-30 12:02:36 [INFO] Start networking
2012-12-30 12:02:36 [INFO] Start networking
2012-12-30 12:02:36 [INFO] Start networking
2012-12-30 12:02:36 [INFO] Start networking
2012-12-30 12:02:36 [INFO] Start networking
2012-12-30 12:02:36 [INFO] Start networking
2012-12-30 12:02:36 [INFO] Start networking
2012-12-30 12:02:37 [INFO] Start networking
2012-12-30 12:02:37 [INFO] Start networking
2012-12-30 12:02:37 [INFO] Start networking
2012-12-30 12:02:37 [INFO] Start networking
2012-12-30 12:02:37 [INFO] Start networking
2012-12-30 12:02:37 [INFO] Start networking
2012-12-30 12:02:37 [INFO] Start networking
2012-12-30 12:02:37 [INFO] Start networking
2012-12-30 12:02:37 [INFO] Start networking
2012-12-30 12:02:37 [INFO] Start networking
2012-12-30 12:02:37 [INFO] Start networking
2012-12-30 12:02:37 [INFO] Start networking
2012-12-30 12:02:37 [INFO] Start networking
2012-12-30 12:02:37 [INFO] Start networking
2012-12-30 12:02:37 [INFO] Start networking
2012-12-30 12:02:37 [INFO] Start networking
2012-12-30 12:02:37 [INFO] Start networking
2012-12-30 12:02:37 [INFO] Start networking
2012-12-30 12:02:37 [INFO] Start networking
2012-12-30 12:02:37 [INFO] Start networking
2012-12-30 12:02:37 [INFO] Start networking
2012-12-30 12:02:37 [INFO] Start networking
2012-12-30 12:02:37 [INFO] Start networking
2012-12-30 12:02:37 [INFO] Start networking
2012-12-30 12:02:37 [INFO] Start networking
2012-12-30 12:02:37 [INFO] Start networking
2012-12-30 12:02:37 [INFO] Start networking
2012-12-30 12:02:37 [INFO] Start networking
2012-12-30 12:02:37 [INFO] Start networking
2012-12-30 12:02:37 [INFO] Start networking
2012-12-30 12:02:37 [INFO] Start networking
2012-12-30 12:02:37 [INFO] Start networking
2012-12-30 12:02:37 [INFO] Start networking
2012-12-30 12:02:37 [INFO] Start networking
2012-12-30 12:02:37 [INFO] Start networking
2012-12-30 12:02:37 [INFO] Start networking
2012-12-30 12:02:37 [INFO] Start networking
2012-12-30 12:02:37 [INFO] Start networking
2012-12-30 12:02:37 [INFO] Start networking
2012-12-30 12:02:37 [INFO] Start networking
2012-12-30 12:02:37 [INFO] Start networking
2012-12-30 12:02:37 [INFO] Start networking
2012-12-30 12:02:37 [INFO] Start networking
2012-12-30 12:02:37 [INFO] Start networking
2012-12-30 12:02:37 [INFO] Start networking
2012-12-30 12:02:37 [INFO] Start networking
2012-12-30 12:02:37 [INFO] Start networking
2012-12-30 12:02:37 [INFO] Start networking
2012-12-30 12:02:37 [INFO] Start networking
2012-12-30 12:02:37 [INFO] Start networking
2012-12-30 12:02:37 [INFO] Start networking
2012-12-30 12:02:37 [INFO] Start networking
2012-12-30 12:02:37 [INFO] Start networking
2012-12-30 12:02:37 [INFO] Start networking
2012-12-30 12:02:37 [INFO] Start networking
2012-12-30 12:02:37 [INFO] Start networking
2012-12-30 12:02:37 [INFO] Start networking
2012-12-30 12:02:37 [INFO] Start networking
2012-12-30 12:02:37 [INFO] Start networking
2012-12-30 12:02:37 [INFO] Start networking
2012-12-30 12:02:37 [INFO] Start networking
2012-12-30 12:02:37 [INFO] Start networking
2012-12-30 12:02:37 [INFO] Start networking
2012-12-30 12:02:37 [INFO] Start networking
2012-12-30 12:02:37 [INFO] Start networking
2012-12-30 12:02:37 [INFO] Start networking
2012-12-30 12:02:37 [INFO] Start networking
2012-12-30 12:02:37 [INFO] Start networking
2012-12-30 12:02:37 [INFO] Start networking
2012-12-30 12:02:37 [INFO] Start networking
2012-12-30 12:02:37 [INFO] Start networking
2012-12-30 12:02:37 [INFO] Start networking
2012-12-30 12:02:37 [INFO] Start networking
2012-12-30 12:02:37 [INFO] Start networking
2012-12-30 12:02:37 [INFO] Start networking
2012-12-30 12:02:37 [INFO] Start networking
2012-12-30 12:02:37 [INFO] Start networking
2012-12-30 12:02:37 [INFO] Start networking
2012-12-30 12:02:37 [INFO] Start networking
2012-12-30 12:02:37 [INFO] Start networking
2012-12-30 12:02:37 [INFO] Start networking
2012-12-30 12:02:37 [INFO] Start networking
2012-12-30 12:02:37 [INFO] Start networking
2012-12-30 12:02:37 [INFO] Start networking
2012-12-30 12:02:37 [INFO] Start networking
2012-12-30 12:02:37 [INFO] Start networking
2012-12-30 12:02:37 [INFO] Start networking
2012-12-30 12:02:37 [INFO] Start networking
2012-12-30 12:02:37 [INFO] Start networking
2012-12-30 12:02:37 [INFO] Start networking
2012-12-30 12:02:37 [INFO] Start networking
2012-12-30 12:02:37 [INFO] Start networking
2012-12-30 12:02:37 [INFO] Start networking
2012-12-30 12:02:37 [INFO] Start networking
2012-12-30 12:02:37 [INFO] Start networking
2012-12-30 12:02:37 [INFO] Start networking
2012-12-30 12:02:37 [INFO] Start networking
2012-12-30 12:02:37 [INFO] Start networking
2012-12-30 12:02:37 [INFO] Start networking
2012-12-30 12:02:37 [INFO] Start networking
2012-12-30 12:02:37 [INFO] Start networking
2012-12-30 12:02:37 [INFO] Start networking
2012-12-30 12:02:37 [INFO] Start networking
2012-12-30 12:02:37 [INFO] Start networking
2012-12-30 12:02:37 [INFO] Start networking
2012-12-30 12:02:37 [INFO] Start networking
2012-12-30 12:02:37 [INFO] Start networking
2012-12-30 12:02:37 [INFO] Start networking
2012-12-30 12:02:37 [INFO] Start networking
2012-12-30 12:02:37 [INFO] Start networking
2012-12-30 12:02:37 [INFO] Start networking
2012-12-30 12:02:37 [INFO] Start networking
2012-12-30 12:02:37 [INFO] Start networking
2012-12-30 12:02:37 [INFO] Start networking
2012-12-30 12:02:37 [INFO] Start networking
2012-12-30 12:02:37 [INFO] Start networking
2012-12-30 12:02:37 [INFO] Start networking
2012-12-30 12:02:37 [INFO] Start networking
2012-12-30 12:02:37 [INFO] Start networking
2012-12-30 12:02:37 [INFO] Start networking
2012-12-30 12:02:37 [INFO] Start networking
2012-12-30 12:02:37 [INFO] Start networking
2012-12-30 12:02:37 [INFO] Start networking
2012-12-30 12:02:37 [INFO] Start networking
2012-12-30 12:02:37 [INFO] Start networking
2012-12-30 12:02:37 [INFO] Start networking
2012-12-30 12:02:37 [INFO] Start networking
2012-12-30 12:02:37 [INFO] Start networking
2012-12-30 12:02:37 [INFO] Start networking
2012-12-30 12:02:37 [INFO] Start networking
2012-12-30 12:02:37 [INFO] Start networking
2012-12-30 12:02:37 [INFO] Start networking
2012-12-30 12:02:37 [INFO] Start networking
2012-12-30 12:02:37 [INFO] Start networking
2012-12-30 12:02:37 [INFO] Start networking
2012-12-30 12:02:37 [INFO] Start networking
2012-12-30 12:02:37 [INFO] Start networking
2012-12-30 12:02:37 [INFO] Start networking
2012-12-30 12:02:37 [INFO] Start networking
2012-12-30 12:02:37 [INFO] Start networking
2012-12-30 12:02:37 [INFO] Start networking
2012-12-30 12:02:37 [INFO] Start networking
2012-12-30 12:02:37 [INFO] Start networking
2012-12-30 12:02:37 [INFO] Start networking
2012-12-30 12:02:37 [INFO] Start networking
2012-12-30 12:02:37 [INFO] Start networking
2012-12-30 12:02:37 [INFO] Start networking
2012-12-30 12:02:37 [INFO] Start networking
2012-12-30 12:02:37 [INFO] Start networking
2012-12-30 12:02:37 [INFO] Start networking
2012-12-30 12:02:37 [INFO] Start networking
2012-12-30 12:02:37 [INFO] Start networking
2012-12-30 12:02:37 [INFO] Start networking
2012-12-30 12:02:37 [INFO] Start networking
2012-12-30 12:02:37 [INFO] Start networking
2012-12-30 12:02:37 [INFO] Start networking
2012-12-30 12:02:37 [INFO] Start networking
2012-12-30 12:02:37 [INFO] Start networking
2012-12-30 12:02:37 [INFO] Start networking
2012-12-30 12:02:37 [INFO] Start networking
2012-12-30 12:02:37 [INFO] Start networking
2012-12-30 12:02:37 [INFO] Start networking
2012-12-30 12:02:37 [INFO] Start networking
2012-12-30 12:02:37 [INFO] Start networking
2012-12-30 12:02:37 [INFO] Start networking
2012-12-30 12:02:38 [INFO] Start networking
2012-12-30 12:02:38 [INFO] Start networking
2012-12-30 12:02:38 [INFO] Start networking
2012-12-30 12:02:38 [INFO] Start networking
2012-12-30 12:02:38 [INFO] Start networking
2012-12-30 12:02:38 [INFO] Start networking
2012-12-30 12:02:38 [INFO] Start networking
2012-12-30 12:02:38 [INFO] Start networking
2012-12-30 12:02:38 [INFO] Start networking
2012-12-30 12:02:38 [INFO] Start networking
2012-12-30 12:02:38 [INFO] Start networking
2012-12-30 12:02:38 [INFO] Start networking
2012-12-30 12:02:38 [INFO] Start networking
2012-12-30 12:02:38 [INFO] Start networking
2012-12-30 12:02:38 [INFO] Start networking
2012-12-30 12:02:38 [INFO] Start networking
2012-12-30 12:02:38 [INFO] Start networking
2012-12-30 12:02:38 [INFO] Start networking
2012-12-30 12:02:38 [INFO] Start networking
2012-12-30 12:02:38 [INFO] Start networking
2012-12-30 12:02:38 [INFO] Start networking
2012-12-30 12:02:38 [INFO] Start networking
2012-12-30 12:02:38 [INFO] Start networking
2012-12-30 12:02:38 [INFO] Start networking
2012-12-30 12:02:38 [INFO] Start networking
2012-12-30 12:02:38 [INFO] Start networking
2012-12-30 12:02:38 [INFO] Start networking
2012-12-30 12:02:38 [INFO] Start networking
2012-12-30 12:02:38 [INFO] Start networking
2012-12-30 12:02:38 [INFO] Start networking
2012-12-30 12:02:38 [INFO] Start networking
2012-12-30 12:02:38 [INFO] Start networking
2012-12-30 12:02:38 [INFO] Start networking
2012-12-30 12:02:38 [INFO] Start networking
2012-12-30 12:02:38 [INFO] Start networking
2012-12-30 12:02:38 [INFO] Start networking
2012-12-30 12:02:38 [INFO] Start networking
2012-12-30 12:02:38 [INFO] Start networking
2012-12-30 12:02:38 [INFO] Start networking
2012-12-30 12:02:38 [INFO] Start networking
2012-12-30 12:02:38 [INFO] Start networking
2012-12-30 12:02:38 [INFO] Start networking
2012-12-30 12:02:38 [INFO] Start networking
2012-12-30 12:02:38 [INFO] Start networking
2012-12-30 12:02:38 [INFO] Start networking
2012-12-30 12:02:38 [INFO] Start networking
2012-12-30 12:02:38 [INFO] Start networking
2012-12-30 12:02:38 [INFO] Start networking
2012-12-30 12:02:38 [INFO] Start networking
2012-12-30 12:02:38 [INFO] Start networking
2012-12-30 12:02:38 [INFO] Start networking
2012-12-30 12:02:38 [INFO] Start networking
2012-12-30 12:02:38 [INFO] Start networking
2012-12-30 12:02:38 [INFO] Start networking
2012-12-30 12:02:38 [INFO] Start networking
2012-12-30 12:02:38 [INFO] Start networking
2012-12-30 12:02:38 [INFO] Start networking
2012-12-30 12:02:38 [INFO] Start networking
2012-12-30 12:02:38 [INFO] Start networking
2012-12-30 12:02:38 [INFO] Start networking
2012-12-30 12:02:38 [INFO] Start networking
2012-12-30 12:02:38 [INFO] Start networking
2012-12-30 12:02:38 [INFO] Start networking
2012-12-30 12:02:38 [INFO] Start networking
2012-12-30 12:02:38 [INFO] Start networking
2012-12-30 12:02:38 [INFO] Start networking
2012-12-30 12:02:38 [INFO] Start networking
2012-12-30 12:02:38 [INFO] Start networking
2012-12-30 12:02:38 [INFO] Start networking
2012-12-30 12:02:38 [INFO] Start networking
2012-12-30 12:02:38 [INFO] Start networking
2012-12-30 12:02:38 [INFO] Start networking
2012-12-30 12:02:38 [INFO] Start networking
2012-12-30 12:02:38 [INFO] Start networking
2012-12-30 12:02:38 [INFO] Start networking
2012-12-30 12:02:38 [INFO] Start networking
2012-12-30 12:02:38 [INFO] Start networking
2012-12-30 12:02:38 [INFO] Start networking
2012-12-30 12:02:38 [INFO] Start networking
2012-12-30 12:02:38 [INFO] Start networking
2012-12-30 12:02:38 [INFO] Start networking
2012-12-30 12:02:38 [INFO] Start networking
2012-12-30 12:02:38 [INFO] Start networking
2012-12-30 12:02:38 [INFO] Start networking
2012-12-30 12:02:38 [INFO] Start networking
2012-12-30 12:02:38 [INFO] Start networking
2012-12-30 12:02:38 [INFO] Start networking
2012-12-30 12:02:38 [INFO] Start networking
2012-12-30 12:02:38 [INFO] Start networking
2012-12-30 12:02:38 [INFO] Start networking
2012-12-30 12:02:38 [INFO] Start networking
2012-12-30 12:02:38 [INFO] Start networking
2012-12-30 12:02:38 [INFO] Start networking
2012-12-30 12:02:38 [INFO] Start networking
2012-12-30 12:02:38 [INFO] Start networking
2012-12-30 12:02:38 [INFO] Start networking
2012-12-30 12:02:38 [INFO] Start networking
2012-12-30 12:02:38 [INFO] Start networking
2012-12-30 12:02:38 [INFO] Start networking
2012-12-30 12:02:38 [INFO] Start networking
2012-12-30 12:02:38 [INFO] Start networking
2012-12-30 12:02:38 [INFO] Start networking
2012-12-30 12:02:38 [INFO] Start networking
2012-12-30 12:02:38 [INFO] Start networking
2012-12-30 12:02:38 [INFO] Start networking
2012-12-30 12:02:38 [INFO] Start networking
2012-12-30 12:02:38 [INFO] Start networking
2012-12-30 12:02:38 [INFO] Start networking
2012-12-30 12:02:38 [INFO] Start networking
2012-12-30 12:02:38 [INFO] Start networking
2012-12-30 12:02:38 [INFO] Start networking
2012-12-30 12:02:38 [INFO] Start networking
2012-12-30 12:02:38 [INFO] Start networking
2012-12-30 12:02:38 [INFO] Start networking
2012-12-30 12:02:38 [INFO] Start networking
2012-12-30 12:02:38 [INFO] Start networking
2012-12-30 12:02:38 [INFO] Start networking
2012-12-30 12:02:38 [INFO] Start networking
2012-12-30 12:02:38 [INFO] Start networking
2012-12-30 12:02:38 [INFO] Start networking
2012-12-30 12:02:38 [INFO] Start networking
2012-12-30 12:02:38 [INFO] Start networking
2012-12-30 12:02:38 [INFO] Start networking
2012-12-30 12:02:38 [INFO] Start networking
2012-12-30 12:02:38 [INFO] Start networking
2012-12-30 12:02:38 [INFO] Start networking
2012-12-30 12:02:38 [INFO] Start networking
2012-12-30 12:02:38 [INFO] Start networking
2012-12-30 12:02:38 [INFO] Start networking
2012-12-30 12:02:38 [INFO] Start networking
2012-12-30 12:02:38 [INFO] Start networking
2012-12-30 12:02:38 [INFO] Start networking
2012-12-30 12:02:38 [INFO] Start networking
2012-12-30 12:02:38 [INFO] Start networking
2012-12-30 12:02:38 [INFO] Start networking
2012-12-30 12:02:38 [INFO] Start networking
2012-12-30 12:02:38 [INFO] Start networking
2012-12-30 12:02:38 [INFO] Start networking
2012-12-30 12:02:38 [INFO] Start networking
2012-12-30 12:02:38 [INFO] Start networking
2012-12-30 12:02:38 [INFO] Start networking
2012-12-30 12:02:38 [INFO] Start networking
2012-12-30 12:02:38 [INFO] Start networking
2012-12-30 12:02:38 [INFO] Start networking
2012-12-30 12:02:38 [INFO] Start networking
2012-12-30 12:02:38 [INFO] Start networking
2012-12-30 12:02:38 [INFO] Start networking
2012-12-30 12:02:38 [INFO] Start networking
2012-12-30 12:02:38 [INFO] Start networking
2012-12-30 12:02:38 [INFO] Start networking
2012-12-30 12:02:38 [INFO] Start networking
2012-12-30 12:02:38 [INFO] Start networking
2012-12-30 12:02:38 [INFO] Start networking
2012-12-30 12:02:38 [INFO] Start networking
2012-12-30 12:02:38 [INFO] Start networking
2012-12-30 12:02:38 [INFO] Start networking
2012-12-30 12:02:38 [INFO] Start networking
2012-12-30 12:02:38 [INFO] Start networking
2012-12-30 12:02:38 [INFO] Start networking
2012-12-30 12:02:38 [INFO] Start networking
2012-12-30 12:02:38 [INFO] Start networking
2012-12-30 12:02:38 [INFO] Start networking
2012-12-30 12:02:38 [INFO] Start networking
2012-12-30 12:02:38 [INFO] Start networking
2012-12-30 12:02:38 [INFO] Start networking
2012-12-30 12:02:38 [INFO] Start networking
2012-12-30 12:02:38 [INFO] Start networking
2012-12-30 12:02:38 [INFO] Start networking
2012-12-30 12:02:38 [INFO] Start networking
2012-12-30 12:02:38 [INFO] Start networking
2012-12-30 12:02:38 [INFO] Start networking
2012-12-30 12:02:38 [INFO] Start networking
2012-12-30 12:02:38 [INFO] Start networking
2012-12-30 12:02:38 [INFO] Start networking
2012-12-30 12:02:38 [INFO] Start networking
2012-12-30 12:02:38 [INFO] Start networking
2012-12-30 12:02:38 [INFO] Start networking
2012-12-30 12:02:38 [INFO] Start networking
2012-12-30 12:02:38 [INFO] Start networking
2012-12-30 12:02:38 [INFO] Start networking
2012-12-30 12:02:38 [INFO] Start networking
2012-12-30 12:02:38 [INFO] Start networking
2012-12-30 12:02:38 [INFO] Start networking
2012-12-30 12:02:38 [INFO] Start networking
2012-12-30 12:02:38 [INFO] Start networking
2012-12-30 12:02:38 [INFO] Start networking
2012-12-30 12:02:38 [INFO] Start networking
2012-12-30 12:02:38 [INFO] Start networking
2012-12-30 12:02:38 [INFO] Start networking
2012-12-30 12:02:38 [INFO] Start networking
2012-12-30 12:02:38 [INFO] Start networking
2012-12-30 12:02:38 [INFO] Start networking
2012-12-30 12:02:38 [INFO] Start networking
2012-12-30 12:02:38 [INFO] Start networking
2012-12-30 12:02:38 [INFO] Start networking
2012-12-30 12:02:38 [INFO] Start networking
2012-12-30 12:02:38 [INFO] Start networking
2012-12-30 12:02:38 [INFO] Start networking
2012-12-30 12:02:38 [INFO] Start networking
2012-12-30 12:02:38 [INFO] Start networking
2012-12-30 12:02:38 [INFO] Start networking
2012-12-30 12:02:38 [INFO] Start networking
2012-12-30 12:02:38 [INFO] Start networking
2012-12-30 12:02:38 [INFO] Start networking
2012-12-30 12:02:38 [INFO] Start networking
2012-12-30 12:02:38 [INFO] Start networking
2012-12-30 12:02:38 [INFO] Start networking
2012-12-30 12:02:38 [INFO] Start networking
2012-12-30 12:02:38 [INFO] Start networking
2012-12-30 12:02:38 [INFO] Start networking
2012-12-30 12:02:38 [INFO] Start networking
2012-12-30 12:02:38 [INFO] Start networking
2012-12-30 12:02:38 [INFO] Start networking
2012-12-30 12:02:38 [INFO] Start networking
2012-12-30 12:02:38 [INFO] Start networking
2012-12-30 12:02:38 [INFO] Start networking
2012-12-30 12:02:38 [INFO] Start networking
2012-12-30 12:02:39 [INFO] Start networking
2012-12-30 12:02:39 [INFO] Start networking
2012-12-30 12:02:39 [INFO] Start networking
2012-12-30 12:02:39 [INFO] Start networking
2012-12-30 12:02:39 [INFO] Start networking
2012-12-30 12:02:39 [INFO] Start networking
2012-12-30 12:02:39 [INFO] Start networking
2012-12-30 12:02:39 [INFO] Start networking
2012-12-30 12:02:39 [INFO] Start networking
2012-12-30 12:02:39 [INFO] Start networking
2012-12-30 12:02:39 [INFO] Start networking
2012-12-30 12:02:39 [INFO] Start networking
2012-12-30 12:02:39 [INFO] Start networking
2012-12-30 12:02:39 [INFO] Start networking
2012-12-30 12:02:39 [INFO] Start networking
2012-12-30 12:02:39 [INFO] Start networking
2012-12-30 12:02:39 [INFO] Start networking
2012-12-30 12:02:39 [INFO] Start networking
2012-12-30 12:02:39 [INFO] Start networking
2012-12-30 12:02:39 [INFO] Start networking
2012-12-30 12:02:39 [INFO] Start networking
2012-12-30 12:02:39 [INFO] Start networking
2012-12-30 12:02:39 [INFO] Start networking
2012-12-30 12:02:39 [INFO] Start networking
2012-12-30 12:02:39 [INFO] Start networking
2012-12-30 12:02:39 [INFO] Start networking
2012-12-30 12:02:39 [INFO] Start networking
2012-12-30 12:02:39 [INFO] Start networking
2012-12-30 12:02:39 [INFO] Start networking
2012-12-30 12:02:39 [INFO] Start networking
2012-12-30 12:02:39 [INFO] Start networking
2012-12-30 12:02:39 [INFO] Start networking
2012-12-30 12:02:39 [INFO] Start networking
2012-12-30 12:02:39 [INFO] Start networking
2012-12-30 12:02:39 [INFO] Start networking
2012-12-30 12:02:39 [INFO] Start networking
2012-12-30 12:02:39 [INFO] Start networking
2012-12-30 12:02:39 [INFO] Start networking
2012-12-30 12:02:39 [INFO] Start networking
2012-12-30 12:02:39 [INFO] Start networking
2012-12-30 12:02:39 [INFO] Start networking
2012-12-30 12:02:39 [INFO] Start networking
2012-12-30 12:02:39 [INFO] Start networking
2012-12-30 12:02:39 [INFO] Start networking
2012-12-30 12:02:39 [INFO] Start networking
2012-12-30 12:02:39 [INFO] Start networking
2012-12-30 12:02:39 [INFO] Start networking
2012-12-30 12:02:39 [INFO] Start networking
2012-12-30 12:02:39 [INFO] Start networking
2012-12-30 12:02:39 [INFO] Start networking
2012-12-30 12:02:39 [INFO] Start networking
2012-12-30 12:02:39 [INFO] Start networking
2012-12-30 12:02:39 [INFO] Start networking
2012-12-30 12:02:39 [INFO] Start networking
2012-12-30 12:02:39 [INFO] Start networking
2012-12-30 12:02:39 [INFO] Start networking
2012-12-30 12:02:39 [INFO] Start networking
2012-12-30 12:02:39 [INFO] Start networking
2012-12-30 12:02:39 [INFO] Start networking
2012-12-30 12:02:39 [INFO] Start networking
2012-12-30 12:02:39 [INFO] Start networking
2012-12-30 12:02:39 [INFO] Start networking
2012-12-30 12:02:39 [INFO] Start networking
2012-12-30 12:02:39 [INFO] Start networking
2012-12-30 12:02:39 [INFO] Start networking
2012-12-30 12:02:39 [INFO] Start networking
2012-12-30 12:02:39 [INFO] Start networking
2012-12-30 12:02:39 [INFO] Start networking
2012-12-30 12:02:39 [INFO] Start networking
2012-12-30 12:02:39 [INFO] Start networking
2012-12-30 12:02:39 [INFO] Start networking
2012-12-30 12:02:39 [INFO] Start networking
2012-12-30 12:02:39 [INFO] Start networking
2012-12-30 12:02:39 [INFO] Start networking
2012-12-30 12:02:39 [INFO] Start networking
2012-12-30 12:02:39 [INFO] Start networking
2012-12-30 12:02:39 [INFO] Start networking
2012-12-30 12:02:39 [INFO] Start networking
2012-12-30 12:02:39 [INFO] Start networking
2012-12-30 12:02:39 [INFO] Start networking
2012-12-30 12:02:39 [INFO] Start networking
2012-12-30 12:02:39 [INFO] Start networking
2012-12-30 12:02:39 [INFO] Start networking
2012-12-30 12:02:39 [INFO] Start networking
2012-12-30 12:02:39 [INFO] Start networking
2012-12-30 12:02:39 [INFO] Start networking
2012-12-30 12:02:39 [INFO] Start networking
2012-12-30 12:02:39 [INFO] Start networking
2012-12-30 12:02:39 [INFO] Start networking
2012-12-30 12:02:39 [INFO] Start networking
2012-12-30 12:02:39 [INFO] Start networking
2012-12-30 12:02:39 [INFO] Start networking
2012-12-30 12:02:39 [INFO] Start networking
2012-12-30 12:02:39 [INFO] Start networking
2012-12-30 12:02:39 [INFO] Start networking
2012-12-30 12:02:39 [INFO] Start networking
2012-12-30 12:02:39 [INFO] Start networking
2012-12-30 12:02:39 [INFO] Start networking
2012-12-30 12:02:39 [INFO] Start networking
2012-12-30 12:02:39 [INFO] Start networking
2012-12-30 12:02:39 [INFO] Start networking
2012-12-30 12:02:39 [INFO] Start networking
2012-12-30 12:02:39 [INFO] Start networking
2012-12-30 12:02:39 [INFO] Start networking
2012-12-30 12:02:39 [INFO] Start networking
2012-12-30 12:02:39 [INFO] Start networking
2012-12-30 12:02:39 [INFO] Start networking
2012-12-30 12:02:39 [INFO] Start networking
2012-12-30 12:02:39 [INFO] Start networking
2012-12-30 12:02:39 [INFO] Start networking
2012-12-30 12:02:39 [INFO] Start networking
2012-12-30 12:02:39 [INFO] Start networking
2012-12-30 12:02:39 [INFO] Start networking
2012-12-30 12:02:39 [INFO] Start networking
2012-12-30 12:02:39 [INFO] Start networking
2012-12-30 12:02:39 [INFO] Start networking
2012-12-30 12:02:39 [INFO] Start networking
2012-12-30 12:02:39 [INFO] Start networking
2012-12-30 12:02:39 [INFO] Start networking
2012-12-30 12:02:39 [INFO] Start networking
2012-12-30 12:02:39 [INFO] Start networking
2012-12-30 12:02:39 [INFO] Start networking
2012-12-30 12:02:39 [INFO] Start networking
2012-12-30 12:02:39 [INFO] Start networking
2012-12-30 12:02:39 [INFO] Start networking
2012-12-30 12:02:39 [INFO] Start networking
2012-12-30 12:02:39 [INFO] Start networking
2012-12-30 12:02:39 [INFO] Start networking
2012-12-30 12:02:39 [INFO] Start networking
2012-12-30 12:02:39 [INFO] Start networking
2012-12-30 12:02:39 [INFO] Start networking
2012-12-30 12:02:39 [INFO] Start networking
2012-12-30 12:02:39 [INFO] Start networking
2012-12-30 12:02:39 [INFO] Start networking
2012-12-30 12:02:39 [INFO] Start networking
2012-12-30 12:02:39 [INFO] Start networking
2012-12-30 12:02:39 [INFO] Start networking
2012-12-30 12:02:39 [INFO] Start networking
2012-12-30 12:02:39 [INFO] Start networking
2012-12-30 12:02:39 [INFO] Start networking
2012-12-30 12:02:39 [INFO] Start networking
2012-12-30 12:02:39 [INFO] Start networking
2012-12-30 12:02:39 [INFO] Start networking
2012-12-30 12:02:39 [INFO] Start networking
2012-12-30 12:02:39 [INFO] Start networking
2012-12-30 12:02:39 [INFO] Start networking
2012-12-30 12:02:39 [INFO] Start networking
2012-12-30 12:02:39 [INFO] Start networking
2012-12-30 12:02:39 [INFO] Start networking
2012-12-30 12:02:39 [INFO] Start networking
2012-12-30 12:02:39 [INFO] Start networking
2012-12-30 12:02:39 [INFO] Start networking
2012-12-30 12:02:39 [INFO] Start networking
2012-12-30 12:02:39 [INFO] Start networking
2012-12-30 12:02:39 [INFO] Start networking
2012-12-30 12:02:39 [INFO] Start networking
2012-12-30 12:02:39 [INFO] Start networking
2012-12-30 12:02:39 [INFO] Start networking
2012-12-30 12:02:39 [INFO] Start networking
2012-12-30 12:02:39 [INFO] Start networking
2012-12-30 12:02:39 [INFO] Start networking
2012-12-30 12:02:39 [INFO] Start networking
2012-12-30 12:02:39 [INFO] Start networking
2012-12-30 12:02:39 [INFO] Start networking
2012-12-30 12:02:39 [INFO] Start networking
2012-12-30 12:02:39 [INFO] Start networking
2012-12-30 12:02:39 [INFO] Start networking
2012-12-30 12:02:39 [INFO] Start networking
2012-12-30 12:02:39 [INFO] Start networking
2012-12-30 12:02:39 [INFO] Start networking
2012-12-30 12:02:39 [INFO] Start networking
2012-12-30 12:02:39 [INFO] Start networking
2012-12-30 12:02:39 [INFO] Start networking
2012-12-30 12:02:39 [INFO] Start networking
2012-12-30 12:02:39 [INFO] Start networking
2012-12-30 12:02:39 [INFO] Start networking
2012-12-30 12:02:39 [INFO] Start networking
2012-12-30 12:02:39 [INFO] Start networking
2012-12-30 12:02:39 [INFO] Start networking
2012-12-30 12:02:39 [INFO] Start networking
2012-12-30 12:02:39 [INFO] Start networking
2012-12-30 12:02:39 [INFO] Start networking
2012-12-30 12:02:39 [INFO] Start networking
2012-12-30 12:02:39 [INFO] Start networking
2012-12-30 12:02:39 [INFO] Start networking
2012-12-30 12:02:39 [INFO] Start networking
2012-12-30 12:02:39 [INFO] Start networking
2012-12-30 12:02:39 [INFO] Start networking
2012-12-30 12:02:39 [INFO] Start networking
2012-12-30 12:02:39 [INFO] Start networking
2012-12-30 12:02:39 [INFO] Start networking
2012-12-30 12:02:39 [INFO] Start networking
2012-12-30 12:02:39 [INFO] Start networking
2012-12-30 12:02:39 [INFO] Start networking
2012-12-30 12:02:39 [INFO] Start networking
2012-12-30 12:02:39 [INFO] Start networking
2012-12-30 12:02:39 [INFO] Start networking
2012-12-30 12:02:39 [INFO] Start networking
2012-12-30 12:02:39 [INFO] Start networking
2012-12-30 12:02:39 [INFO] Start networking
2012-12-30 12:02:39 [INFO] Start networking
2012-12-30 12:02:39 [INFO] Start networking
2012-12-30 12:02:39 [INFO] Start networking
2012-12-30 12:02:39 [INFO] Start networking
2012-12-30 12:02:39 [INFO] Start networking
2012-12-30 12:02:39 [INFO] Start networking
2012-12-30 12:02:39 [INFO] Start networking
2012-12-30 12:02:39 [INFO] Start networking
2012-12-30 12:02:39 [INFO] Start networking
2012-12-30 12:02:39 [INFO] Start networking
2012-12-30 12:02:39 [INFO] Start networking
2012-12-30 12:02:39 [INFO] Start networking
2012-12-30 12:02:40 [INFO] Start networking
2012-12-30 12:02:40 [INFO] Start networking
2012-12-30 12:02:40 [INFO] Start networking
2012-12-30 12:02:40 [INFO] Start networking
2012-12-30 12:02:40 [INFO] Start networking
2012-12-30 12:02:40 [INFO] Start networking
2012-12-30 12:02:40 [INFO] Start networking
2012-12-30 12:02:40 [INFO] Start networking
2012-12-30 12:02:40 [INFO] Start networking
2012-12-30 12:02:40 [INFO] Start networking
2012-12-30 12:02:40 [INFO] Start networking
2012-12-30 12:02:40 [INFO] Start networking
2012-12-30 12:02:40 [INFO] Start networking
2012-12-30 12:02:40 [INFO] Start networking
2012-12-30 12:02:40 [INFO] Start networking
2012-12-30 12:02:40 [INFO] Start networking
2012-12-30 12:02:40 [INFO] Start networking
2012-12-30 12:02:40 [INFO] Start networking
2012-12-30 12:02:40 [INFO] Start networking
2012-12-30 12:02:40 [INFO] Start networking
2012-12-30 12:02:40 [INFO] Start networking
2012-12-30 12:02:40 [INFO] Start networking
2012-12-30 12:02:40 [INFO] Start networking
2012-12-30 12:02:40 [INFO] Start networking
2012-12-30 12:02:40 [INFO] Start networking
2012-12-30 12:02:40 [INFO] Start networking
2012-12-30 12:02:40 [INFO] Start networking
2012-12-30 12:02:40 [INFO] Start networking
2012-12-30 12:02:40 [INFO] Start networking
2012-12-30 12:02:40 [INFO] Start networking
2012-12-30 12:02:40 [INFO] Start networking
2012-12-30 12:02:40 [INFO] Start networking
2012-12-30 12:02:40 [INFO] Start networking
2012-12-30 12:02:40 [INFO] Start networking
2012-12-30 12:02:40 [INFO] Start networking
2012-12-30 12:02:40 [INFO] Start networking
2012-12-30 12:02:40 [INFO] Start networking
2012-12-30 12:02:40 [INFO] Start networking
2012-12-30 12:02:40 [INFO] Start networking
2012-12-30 12:02:40 [INFO] Start networking
2012-12-30 12:02:40 [INFO] Start networking
2012-12-30 12:02:40 [INFO] Start networking
2012-12-30 12:02:40 [INFO] Start networking
2012-12-30 12:02:40 [INFO] Start networking
2012-12-30 12:02:40 [INFO] Start networking
2012-12-30 12:02:40 [INFO] Start networking
2012-12-30 12:02:40 [INFO] Start networking
2012-12-30 12:02:40 [INFO] Start networking
2012-12-30 12:02:40 [INFO] Start networking
2012-12-30 12:02:40 [INFO] Start networking
2012-12-30 12:02:40 [INFO] Start networking
2012-12-30 12:02:40 [INFO] Start networking
2012-12-30 12:02:40 [INFO] Start networking
2012-12-30 12:02:40 [INFO] Start networking
2012-12-30 12:02:40 [INFO] Start networking
2012-12-30 12:02:40 [INFO] Start networking
2012-12-30 12:02:40 [INFO] Start networking
2012-12-30 12:02:40 [INFO] Start networking
2012-12-30 12:02:40 [INFO] Start networking
2012-12-30 12:02:40 [INFO] Start networking
2012-12-30 12:02:40 [INFO] Start networking
2012-12-30 12:02:40 [INFO] Start networking
2012-12-30 12:02:40 [INFO] Start networking
2012-12-30 12:02:40 [INFO] Start networking
2012-12-30 12:02:40 [INFO] Start networking
2012-12-30 12:02:40 [INFO] Start networking
2012-12-30 12:02:40 [INFO] Start networking
2012-12-30 12:02:40 [INFO] Start networking
2012-12-30 12:02:40 [INFO] Start networking
2012-12-30 12:02:40 [INFO] Start networking
2012-12-30 12:02:40 [INFO] Start networking
2012-12-30 12:02:40 [INFO] Start networking
2012-12-30 12:02:40 [INFO] Start networking
2012-12-30 12:02:40 [INFO] Start networking
2012-12-30 12:02:40 [INFO] Start networking
2012-12-30 12:02:40 [INFO] Start networking
2012-12-30 12:02:40 [INFO] Start networking
2012-12-30 12:02:40 [INFO] Start networking
2012-12-30 12:02:40 [INFO] Start networking
2012-12-30 12:02:40 [INFO] Start networking
2012-12-30 12:02:40 [INFO] Start networking
2012-12-30 12:02:40 [INFO] Start networking
2012-12-30 12:02:40 [INFO] Start networking
2012-12-30 12:02:40 [INFO] Start networking
2012-12-30 12:02:40 [INFO] Start networking
2012-12-30 12:02:40 [INFO] Start networking
2012-12-30 12:02:40 [INFO] Start networking
2012-12-30 12:02:40 [INFO] Start networking
2012-12-30 12:02:40 [INFO] Start networking
2012-12-30 12:02:40 [INFO] Start networking
2012-12-30 12:02:40 [INFO] Start networking
2012-12-30 12:02:40 [INFO] Start networking
2012-12-30 12:02:40 [INFO] Start networking
2012-12-30 12:02:40 [INFO] Start networking
2012-12-30 12:02:40 [INFO] Start networking
2012-12-30 12:02:40 [INFO] Start networking
2012-12-30 12:02:40 [INFO] Start networking
2012-12-30 12:02:40 [INFO] Start networking
2012-12-30 12:02:40 [INFO] Start networking
2012-12-30 12:02:40 [INFO] Start networking
2012-12-30 12:02:40 [INFO] Start networking
2012-12-30 12:02:40 [INFO] Start networking
2012-12-30 12:02:40 [INFO] Start networking
2012-12-30 12:02:40 [INFO] Start networking
2012-12-30 12:02:40 [INFO] Start networking
2012-12-30 12:02:40 [INFO] Start networking
2012-12-30 12:02:40 [INFO] Start networking
2012-12-30 12:02:40 [INFO] Start networking
2012-12-30 12:02:40 [INFO] Start networking
2012-12-30 12:02:40 [INFO] Start networking
2012-12-30 12:02:40 [INFO] Start networking
2012-12-30 12:02:40 [INFO] Start networking
2012-12-30 12:02:40 [INFO] Start networking
2012-12-30 12:02:40 [INFO] Start networking
2012-12-30 12:02:40 [INFO] Start networking
2012-12-30 12:02:40 [INFO] Start networking
2012-12-30 12:02:40 [INFO] Start networking
2012-12-30 12:02:40 [INFO] Start networking
2012-12-30 12:02:40 [INFO] Start networking
2012-12-30 12:02:40 [INFO] Start networking
2012-12-30 12:02:40 [INFO] Start networking
2012-12-30 12:02:40 [INFO] Start networking
2012-12-30 12:02:40 [INFO] Start networking
2012-12-30 12:02:40 [INFO] Start networking
2012-12-30 12:02:40 [INFO] Start networking
2012-12-30 12:02:40 [INFO] Start networking
2012-12-30 12:02:40 [INFO] Start networking
2012-12-30 12:02:40 [INFO] Start networking
2012-12-30 12:02:40 [INFO] Start networking
2012-12-30 12:02:40 [INFO] Start networking
2012-12-30 12:02:40 [INFO] Start networking
2012-12-30 12:02:40 [INFO] Start networking
2012-12-30 12:02:40 [INFO] Start networking
2012-12-30 12:02:40 [INFO] Start networking
2012-12-30 12:02:40 [INFO] Start networking
2012-12-30 12:02:40 [INFO] Start networking
2012-12-30 12:02:40 [INFO] Start networking
2012-12-30 12:02:40 [INFO] Start networking
2012-12-30 12:02:40 [INFO] Start networking
2012-12-30 12:02:40 [INFO] Start networking
2012-12-30 12:02:40 [INFO] Start networking
2012-12-30 12:02:40 [INFO] Start networking
2012-12-30 12:02:40 [INFO] Start networking
2012-12-30 12:02:40 [INFO] Start networking
2012-12-30 12:02:40 [INFO] Start networking
2012-12-30 12:02:40 [INFO] Start networking
2012-12-30 12:02:40 [INFO] Start networking
2012-12-30 12:02:40 [INFO] Start networking
2012-12-30 12:02:40 [INFO] Start networking
2012-12-30 12:02:40 [INFO] Start networking
2012-12-30 12:02:40 [INFO] Start networking
2012-12-30 12:02:40 [INFO] Start networking
2012-12-30 12:02:40 [INFO] Start networking
2012-12-30 12:02:40 [INFO] Start networking
2012-12-30 12:02:40 [INFO] Start networking
2012-12-30 12:02:40 [INFO] Start networking
2012-12-30 12:02:40 [INFO] Start networking
2012-12-30 12:02:40 [INFO] Start networking
2012-12-30 12:02:40 [INFO] Start networking
2012-12-30 12:02:40 [INFO] Start networking
2012-12-30 12:02:40 [INFO] Start networking
2012-12-30 12:02:40 [INFO] Start networking
2012-12-30 12:02:40 [INFO] Start networking
2012-12-30 12:02:40 [INFO] Start networking
2012-12-30 12:02:40 [INFO] Start networking
2012-12-30 12:02:40 [INFO] Start networking
2012-12-30 12:02:40 [INFO] Start networking
2012-12-30 12:02:40 [INFO] Start networking
2012-12-30 12:02:40 [INFO] Start networking
2012-12-30 12:02:40 [INFO] Start networking
2012-12-30 12:02:40 [INFO] Start networking
2012-12-30 12:02:40 [INFO] Start networking
2012-12-30 12:02:40 [INFO] Start networking
2012-12-30 12:02:40 [INFO] Start networking
2012-12-30 12:02:40 [INFO] Start networking
2012-12-30 12:02:40 [INFO] Start networking
2012-12-30 12:02:40 [INFO] Start networking
2012-12-30 12:02:40 [INFO] Start networking
2012-12-30 12:02:40 [INFO] Start networking
2012-12-30 12:02:40 [INFO] Start networking
2012-12-30 12:02:40 [INFO] Start networking
2012-12-30 12:02:40 [INFO] Start networking
2012-12-30 12:02:40 [INFO] Start networking
2012-12-30 12:02:40 [INFO] Start networking
2012-12-30 12:02:40 [INFO] Start networking
2012-12-30 12:02:40 [INFO] Start networking
2012-12-30 12:02:40 [INFO] Start networking
2012-12-30 12:02:40 [INFO] Start networking
2012-12-30 12:02:40 [INFO] Start networking
2012-12-30 12:02:40 [INFO] Start networking
2012-12-30 12:02:40 [INFO] Start networking
2012-12-30 12:02:40 [INFO] Start networking
2012-12-30 12:02:40 [INFO] Start networking
2012-12-30 12:02:40 [INFO] Start networking
2012-12-30 12:02:40 [INFO] Start networking
2012-12-30 12:02:40 [INFO] Start networking
2012-12-30 12:02:40 [INFO] Start networking
2012-12-30 12:02:40 [INFO] Start networking
2012-12-30 12:02:40 [INFO] Start networking
2012-12-30 12:02:40 [INFO] Start networking
2012-12-30 12:02:40 [INFO] Start networking
2012-12-30 12:02:40 [INFO] Start networking
2012-12-30 12:02:40 [INFO] Start networking
2012-12-30 12:02:40 [INFO] Start networking
2012-12-30 12:02:40 [INFO] Start networking
2012-12-30 12:02:40 [INFO] Start networking
2012-12-30 12:02:40 [INFO] Start networking
2012-12-30 12:02:40 [INFO] Start networking
2012-12-30 12:02:41 [INFO] Start networking
2012-12-30 12:02:41 [INFO] Start networking
2012-12-30 12:02:41 [INFO] Start networking
2012-12-30 12:02:41 [INFO] Start networking
2012-12-30 12:02:41 [INFO] Start networking
2012-12-30 12:02:41 [INFO] Start networking
2012-12-30 12:02:41 [INFO] Start networking
2012-12-30 12:02:41 [INFO] Start networking
2012-12-30 12:02:41 [INFO] Start networking
2012-12-30 12:02:41 [INFO] Start networking
2012-12-30 12:02:41 [INFO] Start networking
2012-12-30 12:02:41 [INFO] Start networking
2012-12-30 12:02:41 [INFO] Start networking
2012-12-30 12:02:41 [INFO] Start networking
2012-12-30 12:02:41 [INFO] Start networking
2012-12-30 12:02:41 [INFO] Start networking
2012-12-30 12:02:41 [INFO] Start networking
2012-12-30 12:02:41 [INFO] Start networking
2012-12-30 12:02:41 [INFO] Start networking
2012-12-30 12:02:41 [INFO] Start networking
2012-12-30 12:02:41 [INFO] Start networking
2012-12-30 12:02:41 [INFO] Start networking
2012-12-30 12:02:41 [INFO] Start networking
2012-12-30 12:02:41 [INFO] Start networking
2012-12-30 12:02:41 [INFO] Start networking
2012-12-30 12:02:41 [INFO] Start networking
2012-12-30 12:02:41 [INFO] Start networking
2012-12-30 12:02:41 [INFO] Start networking
2012-12-30 12:02:41 [INFO] Start networking
2012-12-30 12:02:41 [INFO] Start networking
2012-12-30 12:02:41 [INFO] Start networking
2012-12-30 12:02:41 [INFO] Start networking
2012-12-30 12:02:41 [INFO] Start networking
2012-12-30 12:02:41 [INFO] Start networking
2012-12-30 12:02:41 [INFO] Start networking
2012-12-30 12:02:41 [INFO] Start networking
2012-12-30 12:02:41 [INFO] Start networking
2012-12-30 12:02:41 [INFO] Start networking
2012-12-30 12:02:41 [INFO] Start networking
2012-12-30 12:02:41 [INFO] Start networking
2012-12-30 12:02:41 [INFO] Start networking
2012-12-30 12:02:41 [INFO] Start networking
2012-12-30 12:02:41 [INFO] Start networking
2012-12-30 12:02:41 [INFO] Start networking
2012-12-30 12:02:41 [INFO] Start networking
2012-12-30 12:02:41 [INFO] Start networking
2012-12-30 12:02:41 [INFO] Start networking
2012-12-30 12:02:41 [INFO] Start networking
2012-12-30 12:02:41 [INFO] Start networking
2012-12-30 12:02:41 [INFO] Start networking
2012-12-30 12:02:41 [INFO] Start networking
2012-12-30 12:02:41 [INFO] Start networking
2012-12-30 12:02:41 [INFO] Start networking
2012-12-30 12:02:41 [INFO] Start networking
2012-12-30 12:02:41 [INFO] Start networking
2012-12-30 12:02:41 [INFO] Start networking
2012-12-30 12:02:41 [INFO] Start networking
2012-12-30 12:02:41 [INFO] Start networking
2012-12-30 12:02:41 [INFO] Start networking
2012-12-30 12:02:41 [INFO] Start networking
2012-12-30 12:02:41 [INFO] Start networking
2012-12-30 12:02:41 [INFO] Start networking
2012-12-30 12:02:41 [INFO] Start networking
2012-12-30 12:02:41 [INFO] Start networking
2012-12-30 12:02:41 [INFO] Start networking
2012-12-30 12:02:41 [INFO] Start networking
2012-12-30 12:02:41 [INFO] Start networking
2012-12-30 12:02:41 [INFO] Start networking
2012-12-30 12:02:41 [INFO] Start networking
2012-12-30 12:02:41 [INFO] Start networking
2012-12-30 12:02:41 [INFO] Start networking
2012-12-30 12:02:41 [INFO] Start networking
2012-12-30 12:02:41 [INFO] Start networking
2012-12-30 12:02:41 [INFO] Start networking
2012-12-30 12:02:41 [INFO] Start networking
2012-12-30 12:02:41 [INFO] Start networking
2012-12-30 12:02:41 [INFO] Start networking
2012-12-30 12:02:41 [INFO] Start networking
2012-12-30 12:02:41 [INFO] Start networking
2012-12-30 12:02:41 [INFO] Start networking
2012-12-30 12:02:41 [INFO] Start networking
2012-12-30 12:02:41 [INFO] Start networking
2012-12-30 12:02:41 [INFO] Start networking
2012-12-30 12:02:41 [INFO] Start networking
2012-12-30 12:02:41 [INFO] Start networking
2012-12-30 12:02:41 [INFO] Start networking
2012-12-30 12:02:41 [INFO] Start networking
2012-12-30 12:02:41 [INFO] Start networking
2012-12-30 12:02:41 [INFO] Start networking
2012-12-30 12:02:41 [INFO] Start networking
2012-12-30 12:02:41 [INFO] Start networking
2012-12-30 12:02:41 [INFO] Start networking
2012-12-30 12:02:41 [INFO] Start networking
2012-12-30 12:02:41 [INFO] Start networking
2012-12-30 12:02:41 [INFO] Start networking
2012-12-30 12:02:41 [INFO] Start networking
2012-12-30 12:02:41 [INFO] Start networking
2012-12-30 12:02:41 [INFO] Start networking
2012-12-30 12:02:41 [INFO] Start networking
2012-12-30 12:02:41 [INFO] Start networking
2012-12-30 12:02:41 [INFO] Start networking
2012-12-30 12:02:41 [INFO] Start networking
2012-12-30 12:02:41 [INFO] Start networking
2012-12-30 12:02:41 [INFO] Start networking
2012-12-30 12:02:41 [INFO] Start networking
2012-12-30 12:02:41 [INFO] Start networking
2012-12-30 12:02:41 [INFO] Start networking
2012-12-30 12:02:41 [INFO] Start networking
2012-12-30 12:02:41 [INFO] Start networking
2012-12-30 12:02:41 [INFO] Start networking
2012-12-30 12:02:41 [INFO] Start networking
2012-12-30 12:02:41 [INFO] Start networking
2012-12-30 12:02:41 [INFO] Start networking
2012-12-30 12:02:41 [INFO] Start networking
2012-12-30 12:02:41 [INFO] Start networking
2012-12-30 12:02:41 [INFO] Start networking
2012-12-30 12:02:41 [INFO] Start networking
2012-12-30 12:02:51 [INFO] Starting flooder...
2012-12-30 12:02:51 [INFO] Reading configuration
2012-12-30 12:02:51 [INFO] Configuration readed:
2012-12-30 12:02:51 [INFO]   IP: 0.0.0.0
2012-12-30 12:02:51 [INFO]   Port: 25565
2012-12-30 12:02:51 [INFO]   Threads: 100
2012-12-30 12:02:51 [INFO]   Nick length: 5
2012-12-30 12:02:51 [INFO] Start networking
2012-12-30 12:03:12 [INFO] Starting flooder...
2012-12-30 12:03:12 [INFO] Reading configuration
2012-12-30 12:03:12 [INFO] Configuration readed:
2012-12-30 12:03:12 [INFO]   IP: 0.0.0.0
2012-12-30 12:03:12 [INFO]   Port: 25565
2012-12-30 12:03:12 [INFO]   Threads: 100
2012-12-30 12:03:12 [INFO]   Nick length: 5
2012-12-30 12:03:12 [INFO] Start networking
2012-12-30 12:03:35 [INFO] Starting flooder...
2012-12-30 12:03:35 [INFO] Reading configuration
2012-12-30 12:03:35 [INFO] Configuration readed:
2012-12-30 12:03:35 [INFO]   IP: 0.0.0.0
2012-12-30 12:03:35 [INFO]   Port: 25565
2012-12-30 12:03:35 [INFO]   Threads: 100
2012-12-30 12:03:35 [INFO]   Nick length: 5
2012-12-30 12:03:35 [INFO] Start networking
2012-12-30 12:04:03 [INFO] Starting flooder...
2012-12-30 12:04:03 [INFO] Reading configuration
2012-12-30 12:04:03 [INFO] Configuration readed:
2012-12-30 12:04:03 [INFO]   IP: 0.0.0.0
2012-12-30 12:04:03 [INFO]   Port: 25565
2012-12-30 12:04:03 [INFO]   Threads: 100
2012-12-30 12:04:03 [INFO]   Nick length: 5
2012-12-30 12:04:03 [INFO] Start networking
2012-12-30 12:05:47 [INFO] Starting flooder...
2012-12-30 12:05:47 [INFO] Reading configuration
2012-12-30 12:05:47 [INFO] Configuration readed:
2012-12-30 12:05:47 [INFO]   IP: 0.0.0.0
2012-12-30 12:05:47 [INFO]   Port: 25565
2012-12-30 12:05:47 [INFO]   Threads: 100
2012-12-30 12:05:47 [INFO]   Nick length: 5
2012-12-30 12:05:47 [INFO] Start networking
2012-12-30 12:05:58 [INFO] Starting flooder...
2012-12-30 12:05:58 [INFO] Reading configuration
2012-12-30 12:05:58 [INFO] Configuration readed:
2012-12-30 12:05:58 [INFO]   IP: 0.0.0.0
2012-12-30 12:05:58 [INFO]   Port: 25565
2012-12-30 12:05:58 [INFO]   Threads: 100
2012-12-30 12:05:58 [INFO]   Nick length: 5
2012-12-30 12:05:58 [INFO] Start networking
2012-12-30 12:06:18 [INFO] Starting flooder...
2012-12-30 12:06:18 [INFO] Reading configuration
2012-12-30 12:06:18 [INFO] Configuration readed:
2012-12-30 12:06:18 [INFO]   IP: 0.0.0.0
2012-12-30 12:06:18 [INFO]   Port: 25565
2012-12-30 12:06:18 [INFO]   Threads: 100
2012-12-30 12:06:18 [INFO]   Nick length: 5
2012-12-30 12:06:18 [INFO] Start networking
2012-12-30 12:06:38 [INFO] Starting flooder...
2012-12-30 12:06:38 [INFO] Reading configuration
2012-12-30 12:06:38 [INFO] Configuration readed:
2012-12-30 12:06:38 [INFO]   IP: 0.0.0.0
2012-12-30 12:06:38 [INFO]   Port: 25565
2012-12-30 12:06:38 [INFO]   Threads: 100
2012-12-30 12:06:38 [INFO]   Nick length: 5
2012-12-30 12:06:38 [INFO] Start networking
